{
  "swagger": "2.0",
  "info": {
    "title": "Sales and Marketing API - Production",
    "version": "1.0.0",
    "contact": {
      "name": "Mike Ralphson",
      "email": "mike.ralphson@gmail.com",
      "url": "https://github.com/mermade/mashery2openapi"
    },
    "license": {
      "name": "MIT",
      "url": "https://opensource.org/licenses/MIT"
    },
    "x-origin": [
      {
        "url": "http://dnbdirect.mashery.com/iodocs",
        "format": "io_docs"
      }
    ],
    "description": "Test our API services using I/O Docs. Give it a shot by entering your key and the values for the below methods",
    "x-mashery-id": "46"
  },
  "schemes": [
    "http"
  ],
  "host": "api.dnbdirect.com",
  "basePath": "/",
  "externalDocs": {
    "description": "You can also view our written documentation.",
    "url": "http://dnbdirect.mashery.com/iodocs/docs"
  },
  "consumes": [],
  "produces": [],
  "securityDefinitions": {
    "key": {
      "type": "apiKey",
      "name": "apikey",
      "in": "query"
    }
  },
  "security": [
    {
      "key": []
    }
  ],
  "tags": [
    {
      "name": "Company Methods"
    },
    {
      "name": "Person Methods"
    },
    {
      "name": "Industry Methods"
    }
  ],
  "paths": {
    "/company/{uniqueId}": {
      "get": {
        "operationId": "CompanyGetDetailCompanyMethods",
        "summary": "Returns a reduced subset of company details for a ...",
        "description": "Returns a reduced subset of company details for a given Hoover's Company ID or DUNS.",
        "tags": [
          "Company Methods"
        ],
        "parameters": [
          {
            "name": "uniqueId",
            "type": "string",
            "description": "Company ID - OR - DUNS number",
            "in": "path",
            "required": true
          },
          {
            "name": "view",
            "type": "string",
            "description": "",
            "in": "query",
            "required": false,
            "enum": [
              "simple",
              "basic",
              "full"
            ]
          },
          {
            "name": "postBodyContentType",
            "type": "string",
            "description": "",
            "in": "query",
            "required": false,
            "enum": [
              "application/json"
            ]
          },
          {
            "name": "username",
            "type": "string",
            "description": "DnB username",
            "in": "header",
            "required": true
          },
          {
            "name": "password",
            "type": "string",
            "description": "DnB password",
            "in": "header",
            "required": true
          }
        ],
        "responses": {
          "200": {
            "description": "Success"
          },
          "400": {
            "description": "Bad Request"
          },
          "403": {
            "description": "Forbidden"
          }
        }
      }
    },
    "/company/{uniqueId}/comparisonData": {
      "get": {
        "operationId": "CompanyGetComparisonDataCompanyMethods",
        "summary": "This call returns financial comparison data for a ...",
        "description": "This call returns financial comparison data for a given company",
        "tags": [
          "Company Methods"
        ],
        "parameters": [
          {
            "name": "uniqueId",
            "type": "string",
            "description": "D-U-N-S number or companyId",
            "in": "path",
            "required": true
          },
          {
            "name": "username",
            "type": "string",
            "description": "DnB username",
            "in": "header",
            "required": true
          },
          {
            "name": "password",
            "type": "string",
            "description": "DnB password",
            "in": "header",
            "required": true
          }
        ],
        "responses": {
          "200": {
            "description": "Success"
          },
          "400": {
            "description": "Bad Request"
          },
          "403": {
            "description": "Forbidden"
          }
        }
      }
    },
    "/company/{uniqueId}/competitors": {
      "get": {
        "operationId": "CompanyGetCompetitorsCompanyMethods",
        "summary": "Returns all the competitors for a given company",
        "tags": [
          "Company Methods"
        ],
        "parameters": [
          {
            "name": "uniqueId",
            "type": "string",
            "description": "D-U-N-S number or companyId",
            "in": "path",
            "required": true
          },
          {
            "name": "top_competitors",
            "type": "boolean",
            "description": "",
            "in": "query",
            "required": false
          },
          {
            "name": "username",
            "type": "string",
            "description": "DnB username",
            "in": "header",
            "required": true
          },
          {
            "name": "password",
            "type": "string",
            "description": "DnB password",
            "in": "header",
            "required": true
          }
        ],
        "responses": {
          "200": {
            "description": "Success"
          },
          "400": {
            "description": "Bad Request"
          },
          "403": {
            "description": "Forbidden"
          }
        }
      }
    },
    "/company/{uniqueId}/financial/detail": {
      "get": {
        "operationId": "CompanyGetFinancialDetailCompanyMethods",
        "summary": "This call returns a detail of financial data for a...",
        "description": "This call returns a detail of financial data for a given company",
        "tags": [
          "Company Methods"
        ],
        "parameters": [
          {
            "name": "uniqueId",
            "type": "string",
            "description": "D-U-N-S number or companyId",
            "in": "path",
            "required": true
          },
          {
            "name": "username",
            "type": "string",
            "description": "DnB username",
            "in": "header",
            "required": true
          },
          {
            "name": "password",
            "type": "string",
            "description": "DnB password",
            "in": "header",
            "required": true
          }
        ],
        "responses": {
          "200": {
            "description": "Success"
          },
          "400": {
            "description": "Bad Request"
          },
          "403": {
            "description": "Forbidden"
          }
        }
      }
    },
    "/company/{uniqueId}/financial/summary": {
      "get": {
        "operationId": "CompanyGetFinancialSummaryCompanyMethods",
        "summary": "Returns financial summary for the company associat...",
        "description": "Returns financial summary for the company associated with the given DUNS or Hoover's Company ID.",
        "tags": [
          "Company Methods"
        ],
        "parameters": [
          {
            "name": "uniqueId",
            "type": "string",
            "description": "Company ID - OR - DUNS number",
            "in": "path",
            "required": true
          },
          {
            "name": "postBodyContentType",
            "type": "string",
            "description": "",
            "in": "query",
            "required": false,
            "enum": [
              "application/json"
            ]
          },
          {
            "name": "username",
            "type": "string",
            "description": "DnB username",
            "in": "header",
            "required": true
          },
          {
            "name": "password",
            "type": "string",
            "description": "DnB password",
            "in": "header",
            "required": true
          }
        ],
        "responses": {
          "200": {
            "description": "Success"
          },
          "400": {
            "description": "Bad Request"
          },
          "403": {
            "description": "Forbidden"
          }
        }
      }
    },
    "/company/{uniqueId}/market/analysis_report": {
      "get": {
        "operationId": "CompanyGetMarketAnalysisCompanyMethods",
        "summary": "This call returns a Morningstar market analysis fo...",
        "description": "This call returns a Morningstar market analysis for the specified company. Please note not all companies have reports",
        "tags": [
          "Company Methods"
        ],
        "parameters": [
          {
            "name": "uniqueId",
            "type": "string",
            "description": "D-U-N-S number or companyId",
            "in": "path",
            "required": true
          },
          {
            "name": "username",
            "type": "string",
            "description": "DnB username",
            "in": "header",
            "required": true
          },
          {
            "name": "password",
            "type": "string",
            "description": "DnB password",
            "in": "header",
            "required": true
          }
        ],
        "responses": {
          "200": {
            "description": "Success"
          },
          "400": {
            "description": "Bad Request"
          },
          "403": {
            "description": "Forbidden"
          }
        }
      }
    },
    "/company/{uniqueId}/market/data": {
      "get": {
        "operationId": "CompanyGetMarketDataCompanyMethods",
        "summary": "This call returns financial market data for a give...",
        "description": "This call returns financial market data for a given company",
        "tags": [
          "Company Methods"
        ],
        "parameters": [
          {
            "name": "uniqueId",
            "type": "string",
            "description": "D-U-N-S number or companyId",
            "in": "path",
            "required": true
          },
          {
            "name": "username",
            "type": "string",
            "description": "DnB username",
            "in": "header",
            "required": true
          },
          {
            "name": "password",
            "type": "string",
            "description": "DnB password",
            "in": "header",
            "required": true
          }
        ],
        "responses": {
          "200": {
            "description": "Success"
          },
          "400": {
            "description": "Bad Request"
          },
          "403": {
            "description": "Forbidden"
          }
        }
      }
    },
    "/company/{uniqueId}/news": {
      "get": {
        "operationId": "CompanyGetNewsCompanyMethods",
        "summary": "Returns news items for a given DUNS number. This s...",
        "description": "Returns news items for a given DUNS number. This service requires a username and password in addition to the API-Key",
        "tags": [
          "Company Methods"
        ],
        "parameters": [
          {
            "name": "uniqueId",
            "type": "string",
            "description": "D-U-N-S number or companyId",
            "in": "path",
            "required": true
          },
          {
            "name": "start_date",
            "type": "string",
            "description": "YYYY-MM-DD",
            "in": "query",
            "required": false
          },
          {
            "name": "end_date",
            "type": "string",
            "description": "YYYY-MM-DD",
            "in": "query",
            "required": false
          },
          {
            "name": "filter",
            "type": "string",
            "description": "(ExecutiveActivity\n            GeneralIndustry\n            ManagementChange\n            MergerAndAcquisition\n            NewProductOrAlliance\n            RegulationOrLitigation\n            WinsOrAwards)",
            "in": "query",
            "required": false,
            "enum": [
              "ExecutiveActivity",
              "GeneralIndustry",
              "ManagementChange",
              "MergerAndAcquisition",
              "NewProductOrAlliance",
              "RegulationOrLitigation",
              "WinsOrAwards"
            ]
          },
          {
            "name": "username",
            "type": "string",
            "description": "DnB username",
            "in": "header",
            "required": true
          },
          {
            "name": "password",
            "type": "string",
            "description": "DnB password",
            "in": "header",
            "required": true
          }
        ],
        "responses": {
          "200": {
            "description": "Success"
          },
          "400": {
            "description": "Bad Request"
          },
          "403": {
            "description": "Forbidden"
          }
        }
      }
    },
    "/company/{uniqueId}/optional": {
      "post": {
        "operationId": "CompanyGetOptionalDataCompanyMethods",
        "summary": "Returns detailed company information for a single ...",
        "description": "Returns detailed company information for a single company, with the ability to specify the components that are to be returned.",
        "tags": [
          "Company Methods"
        ],
        "parameters": [
          {
            "name": "uniqueId",
            "type": "string",
            "description": "D-U-N-S number or companyId",
            "in": "path",
            "required": true
          },
          {
            "name": "body",
            "type": "string",
            "description": "optionalResponseFields",
            "in": "query",
            "required": false,
            "default": "{}"
          },
          {
            "name": "username",
            "type": "string",
            "description": "DnB username",
            "in": "header",
            "required": true
          },
          {
            "name": "password",
            "type": "string",
            "description": "DnB password",
            "in": "header",
            "required": true
          },
          {
            "name": "Content-Type",
            "type": "string",
            "description": "",
            "in": "header",
            "required": false,
            "default": "application/json"
          },
          {
            "name": "Accept-Encoding",
            "type": "string",
            "description": "",
            "in": "header",
            "required": false,
            "default": "gzip,deflate,sdch"
          },
          {
            "name": "Accept-Language",
            "type": "string",
            "description": "",
            "in": "header",
            "required": false,
            "default": "en-US,en;q=0.8"
          }
        ],
        "responses": {
          "200": {
            "description": "Success"
          },
          "400": {
            "description": "Bad Request"
          },
          "403": {
            "description": "Forbidden"
          }
        }
      }
    },
    "/company/{dunsNumber}/report/{DnbProductId}": {
      "get": {
        "operationId": "CompanyGetBIRCompanyMethods",
        "summary": "This call returns specified business information r...",
        "description": "This call returns specified business information reports (BIR), Comprehensive Reports (COMPR), and Compact Reports (CPTR) for a DUNS Number in text format. Required inputs are indicated.",
        "tags": [
          "Company Methods"
        ],
        "parameters": [
          {
            "name": "dunsNumber",
            "type": "string",
            "description": "D-U-N-S number",
            "in": "path",
            "required": true
          },
          {
            "name": "DnbProductId",
            "type": "string",
            "description": "DNB Product ID",
            "in": "path",
            "required": true
          },
          {
            "name": "ApplicationTransactionID",
            "type": "string",
            "description": "",
            "in": "query",
            "required": false
          },
          {
            "name": "TransactionTimestamp",
            "type": "string",
            "description": "",
            "in": "query",
            "required": false
          },
          {
            "name": "SubmittingOfficeID",
            "type": "string",
            "description": "",
            "in": "query",
            "required": false
          },
          {
            "name": "CountryISOAlpha2Code",
            "type": "string",
            "description": "",
            "in": "query",
            "required": false
          },
          {
            "name": "OrganizationIdentificationNumber",
            "type": "string",
            "description": "",
            "in": "query",
            "required": false
          },
          {
            "name": "OrganizationIdentificationNumberTypeCode",
            "type": "number",
            "description": "",
            "in": "query",
            "required": false
          },
          {
            "name": "DNBProductModuleCode",
            "type": "number",
            "description": "",
            "in": "query",
            "required": false
          },
          {
            "name": "MergeModuleAttachmentsIndicator",
            "type": "boolean",
            "description": "",
            "in": "query",
            "required": false
          },
          {
            "name": "ProductFormatPreferenceCode",
            "type": "number",
            "description": "",
            "in": "query",
            "required": false
          },
          {
            "name": "CharacterSetPreferenceCode",
            "type": "number",
            "description": "",
            "in": "query",
            "required": false
          },
          {
            "name": "LanguagePreferenceCode",
            "type": "number",
            "description": "",
            "in": "query",
            "required": false
          },
          {
            "name": "OrderReasonCode",
            "type": "number",
            "description": "",
            "in": "query",
            "required": false
          },
          {
            "name": "TradeUpIndicator",
            "type": "boolean",
            "description": "",
            "in": "query",
            "required": false
          },
          {
            "name": "ReturnOnlyInDateDataIndicator",
            "type": "boolean",
            "description": "",
            "in": "query",
            "required": false
          },
          {
            "name": "ArchiveProductOptOutIndicator",
            "type": "boolean",
            "description": "",
            "in": "query",
            "required": false
          },
          {
            "name": "ExtendArchivePeriodIndicator",
            "type": "boolean",
            "description": "",
            "in": "query",
            "required": false
          },
          {
            "name": "PortfolioAssetContainerID",
            "type": "number",
            "description": "",
            "in": "query",
            "required": false
          },
          {
            "name": "CustomerReferenceText",
            "type": "string",
            "description": "",
            "in": "query",
            "required": false
          },
          {
            "name": "CustomerBillingEndorsementText",
            "type": "string",
            "description": "",
            "in": "query",
            "required": false
          },
          {
            "name": "username",
            "type": "string",
            "description": "DnB username",
            "in": "header",
            "required": true
          },
          {
            "name": "password",
            "type": "string",
            "description": "DnB password",
            "in": "header",
            "required": true
          }
        ],
        "responses": {
          "200": {
            "description": "Success"
          },
          "400": {
            "description": "Bad Request"
          },
          "403": {
            "description": "Forbidden"
          }
        }
      }
    },
    "/company/cleanseAndStandardize": {
      "get": {
        "operationId": "CompanyCleanseandStandardizeCompanyMethods",
        "summary": "",
        "tags": [
          "Company Methods"
        ],
        "parameters": [
          {
            "name": "ApplicationTransactionID",
            "type": "string",
            "description": "",
            "in": "query",
            "required": false
          },
          {
            "name": "TransactionTimestamp",
            "type": "string",
            "description": "",
            "in": "query",
            "required": false
          },
          {
            "name": "SubmittingOfficeID",
            "type": "string",
            "description": "",
            "in": "query",
            "required": false
          },
          {
            "name": "OrganizationName",
            "type": "string",
            "description": "",
            "in": "query",
            "required": false
          },
          {
            "name": "LineText",
            "type": "string",
            "description": "",
            "in": "query",
            "required": false
          },
          {
            "name": "DisplaySequence",
            "type": "number",
            "description": "",
            "in": "query",
            "required": false
          },
          {
            "name": "PrimaryTownName",
            "type": "string",
            "description": "",
            "in": "query",
            "required": false
          },
          {
            "name": "CountyName",
            "type": "string",
            "description": "",
            "in": "query",
            "required": false
          },
          {
            "name": "CountryISOAlpha2Code",
            "type": "string",
            "description": "",
            "in": "query",
            "required": false
          },
          {
            "name": "TerritoryName",
            "type": "string",
            "description": "",
            "in": "query",
            "required": false
          },
          {
            "name": "PostalCode",
            "type": "string",
            "description": "",
            "in": "query",
            "required": false
          },
          {
            "name": "CustomerReferenceText",
            "type": "string",
            "description": "",
            "in": "query",
            "required": false
          },
          {
            "name": "CustomerBillingEndorsementText",
            "type": "string",
            "description": "",
            "in": "query",
            "required": false
          },
          {
            "name": "username",
            "type": "string",
            "description": "DnB username",
            "in": "header",
            "required": true
          },
          {
            "name": "password",
            "type": "string",
            "description": "DnB password",
            "in": "header",
            "required": true
          }
        ],
        "responses": {
          "200": {
            "description": "Success"
          },
          "400": {
            "description": "Bad Request"
          },
          "403": {
            "description": "Forbidden"
          }
        }
      }
    },
    "/company/familytree/{uniqueId}": {
      "post": {
        "operationId": "CompanyGetFamilyTreeCompanyMethods",
        "summary": "Returns ultimate parent of the given company and a...",
        "description": "Returns ultimate parent of the given company and all its children or descendants. Access to this service is restricted - please contact your sales representative for access.",
        "tags": [
          "Company Methods"
        ],
        "parameters": [
          {
            "name": "uniqueId",
            "type": "string",
            "description": "D-U-N-S number or companyId",
            "in": "path",
            "required": true
          },
          {
            "name": "body",
            "type": "string",
            "description": "filters",
            "in": "query",
            "required": false,
            "default": "{}"
          },
          {
            "name": "username",
            "type": "string",
            "description": "DnB username",
            "in": "header",
            "required": true
          },
          {
            "name": "password",
            "type": "string",
            "description": "DnB password",
            "in": "header",
            "required": true
          },
          {
            "name": "Content-Type",
            "type": "string",
            "description": "",
            "in": "header",
            "required": false,
            "default": "application/json"
          },
          {
            "name": "Accept-Encoding",
            "type": "string",
            "description": "",
            "in": "header",
            "required": false,
            "default": "gzip,deflate,sdch"
          },
          {
            "name": "Accept-Language",
            "type": "string",
            "description": "",
            "in": "header",
            "required": false,
            "default": "en-US,en;q=0.8"
          }
        ],
        "responses": {
          "200": {
            "description": "Success"
          },
          "400": {
            "description": "Bad Request"
          },
          "403": {
            "description": "Forbidden"
          }
        }
      }
    },
    "/company/findcompanycleansematch": {
      "post": {
        "operationId": "CompanyFindCleanseMatchCompanyMethods",
        "summary": "The Cleanse Match Service acts as an interface for...",
        "description": "The Cleanse Match Service acts as an interface for matching a name and address of a business for identity resolution. The response typically consists of response candidates that are identified as the best matches for the input criteria based on D&B's match algorithms. This service seeks a single known entity, typically based on a combination of name, address, and phone number or a unique identifier. Use the Cleanse Match service to retrieve an organization's DUNS Number. Once the DUNS Number is obtained, a user can retrieve the D&B data for that organization by invoking other services. Once the DUNS Number is obtained, a user can retrieve more information from GetCompanyDetail and GetFamilyTree. Enter the required Cleanse Match fields such as organization name, state, and country. The service cleanses the output to perform a match. If the match returns candidates below a Confidence Code 8 using the cleansed information, the Cleanse Match performs the match again using actual user input. The service returns the highest confidence candidates by merging both matches (cleansed input and actual user input) into a result. Users can retrieve the D&B DUNS Number of the organization, using the following match types: Match using Business Name, Match using Organization Name and Organization Address, Match using Organization Address, Match using Telephone Number, For USA and Canada search Organizations nationwide. It is default for all other countries.",
        "tags": [
          "Company Methods"
        ],
        "parameters": [
          {
            "name": "body",
            "type": "string",
            "description": "dataAreaRequest object (see http://dnbdirectapps.com/docs/rest#companyfindcompanycleansematch)",
            "in": "query",
            "required": false
          },
          {
            "name": "username",
            "type": "string",
            "description": "DnB username",
            "in": "header",
            "required": true
          },
          {
            "name": "password",
            "type": "string",
            "description": "DnB password",
            "in": "header",
            "required": true
          },
          {
            "name": "Content-Type",
            "type": "string",
            "description": "",
            "in": "header",
            "required": false,
            "default": "application/json"
          },
          {
            "name": "Accept-Encoding",
            "type": "string",
            "description": "",
            "in": "header",
            "required": false,
            "default": "gzip,deflate,sdch"
          },
          {
            "name": "Accept-Language",
            "type": "string",
            "description": "",
            "in": "header",
            "required": false,
            "default": "en-US,en;q=0.8"
          }
        ],
        "responses": {
          "200": {
            "description": "Success"
          },
          "400": {
            "description": "Bad Request"
          },
          "403": {
            "description": "Forbidden"
          }
        }
      }
    },
    "/company/getCleanseMatch": {
      "get": {
        "operationId": "CompanyGetCleanseMatchCompanyMethods",
        "summary": "New for 1.3 :: The Cleanse Match Service acts as a...",
        "description": "New for 1.3 :: The Cleanse Match Service acts as an interface for matching a name and address of a business for identity resolution. The response typically consists of response candidates that are identified as the best matches for the input criteria based on D&B's match algorithms. This service seeks a single known entity, typically based on a combination of name, address, and phone number or a unique identifier. Use the Cleanse Match service to retrieve an organization's DUNS Number. Once the DUNS Number is obtained, a user can retrieve the D&B data for that organization by invoking other services. Once the DUNS Number is obtained, a user can retrieve more information from GetCompanyDetail and GetFamilyTree. Enter the required Cleanse Match fields such as organization name, state, and country. The service cleanses the output to perform a match. If the match returns candidates below a Confidence Code 8 using the cleansed information, the Cleanse Match performs the match again using actual user input. The service returns the highest confidence candidates by merging both matches (cleansed input and actual user input) into a result. Users can retrieve the D&B DUNS Number of the organization, using the following match types: Match using Business Name, Match using Organization Name and Organization Address, Match using Organization Address, Match using Telephone Number, For USA and Canada search Organizations nationwide. It is default for all other countries.",
        "tags": [
          "Company Methods"
        ],
        "parameters": [
          {
            "name": "ApplicationTransactionID",
            "type": "string",
            "description": "",
            "in": "query",
            "required": false
          },
          {
            "name": "TransactionTimestamp",
            "type": "string",
            "description": "",
            "in": "query",
            "required": false
          },
          {
            "name": "SubmittingOfficeID",
            "type": "string",
            "description": "",
            "in": "query",
            "required": false
          },
          {
            "name": "DUNSNumber",
            "type": "string",
            "description": "",
            "in": "query",
            "required": false
          },
          {
            "name": "SubjectName",
            "type": "string",
            "description": "",
            "in": "query",
            "required": false
          },
          {
            "name": "StreetAddressLine",
            "type": "string",
            "description": "",
            "in": "query",
            "required": false
          },
          {
            "name": "DisplaySequence",
            "type": "number",
            "description": "",
            "in": "query",
            "required": false
          },
          {
            "name": "PrimaryTownName",
            "type": "string",
            "description": "",
            "in": "query",
            "required": false
          },
          {
            "name": "CountryISOAlpha2Code",
            "type": "string",
            "description": "",
            "in": "query",
            "required": false
          },
          {
            "name": "TerritoryName",
            "type": "string",
            "description": "",
            "in": "query",
            "required": false
          },
          {
            "name": "FullPostalCode",
            "type": "string",
            "description": "",
            "in": "query",
            "required": false
          },
          {
            "name": "TelecommunicationNumber",
            "type": "string",
            "description": "",
            "in": "query",
            "required": false
          },
          {
            "name": "InternationalDialingCode",
            "type": "string",
            "description": "",
            "in": "query",
            "required": false
          },
          {
            "name": "OrganizationIdentificationNumber",
            "type": "string",
            "description": "",
            "in": "query",
            "required": false
          },
          {
            "name": "CandidateMaximumQuantity",
            "type": "string",
            "description": "",
            "in": "query",
            "required": false
          },
          {
            "name": "ConfidenceLowerLevelThresholdValue",
            "type": "string",
            "description": "",
            "in": "query",
            "required": false
          },
          {
            "name": "ExclusionDataDescription",
            "type": "string",
            "description": "",
            "in": "query",
            "required": false
          },
          {
            "name": "IncludeCleansedAndStandardizedInformationIndicator",
            "type": "string",
            "description": "",
            "in": "query",
            "required": false
          },
          {
            "name": "OrderReasonCode",
            "type": "string",
            "description": "",
            "in": "query",
            "required": false
          },
          {
            "name": "CustomerReferenceText",
            "type": "string",
            "description": "",
            "in": "query",
            "required": false
          },
          {
            "name": "CustomerBillingEndorsementText",
            "type": "string",
            "description": "",
            "in": "query",
            "required": false
          },
          {
            "name": "username",
            "type": "string",
            "description": "DnB username",
            "in": "header",
            "required": true
          },
          {
            "name": "password",
            "type": "string",
            "description": "DnB password",
            "in": "header",
            "required": true
          }
        ],
        "responses": {
          "200": {
            "description": "Success"
          },
          "400": {
            "description": "Bad Request"
          },
          "403": {
            "description": "Forbidden"
          }
        }
      }
    },
    "/company/match": {
      "get": {
        "operationId": "CompanyMatchCompanyMethods",
        "summary": "",
        "tags": [
          "Company Methods"
        ],
        "parameters": [
          {
            "name": "ApplicationTransactionID",
            "type": "string",
            "description": "",
            "in": "query",
            "required": false
          },
          {
            "name": "TransactionTimestamp",
            "type": "string",
            "description": "",
            "in": "query",
            "required": false
          },
          {
            "name": "SubmittingOfficeID",
            "type": "string",
            "description": "",
            "in": "query",
            "required": false
          },
          {
            "name": "DUNSNumber",
            "type": "string",
            "description": "",
            "in": "query",
            "required": false
          },
          {
            "name": "SubjectName",
            "type": "string",
            "description": "",
            "in": "query",
            "required": false
          },
          {
            "name": "LineText",
            "type": "string",
            "description": "",
            "in": "query",
            "required": false
          },
          {
            "name": "DisplaySequence",
            "type": "number",
            "description": "",
            "in": "query",
            "required": false
          },
          {
            "name": "PrimaryTownName",
            "type": "string",
            "description": "",
            "in": "query",
            "required": false
          },
          {
            "name": "CountryISOAlpha2Code",
            "type": "string",
            "description": "",
            "in": "query",
            "required": false
          },
          {
            "name": "TerritoryName",
            "type": "string",
            "description": "",
            "in": "query",
            "required": false
          },
          {
            "name": "FullPostalCode",
            "type": "string",
            "description": "",
            "in": "query",
            "required": false
          },
          {
            "name": "TelecommunicationNumber",
            "type": "string",
            "description": "",
            "in": "query",
            "required": false
          },
          {
            "name": "InternationalDialingCode",
            "type": "string",
            "description": "",
            "in": "query",
            "required": false
          },
          {
            "name": "OrganizationIdentificationNumber",
            "type": "string",
            "description": "",
            "in": "query",
            "required": false
          },
          {
            "name": "CandidateMaximumQuantity",
            "type": "string",
            "description": "",
            "in": "query",
            "required": false
          },
          {
            "name": "ConfidenceLowerLevelThresholdValue",
            "type": "string",
            "description": "",
            "in": "query",
            "required": false
          },
          {
            "name": "ExclusionDataDescription",
            "type": "string",
            "description": "",
            "in": "query",
            "required": false
          },
          {
            "name": "OrderReasonCode",
            "type": "string",
            "description": "",
            "in": "query",
            "required": false
          },
          {
            "name": "CustomerReferenceText",
            "type": "string",
            "description": "",
            "in": "query",
            "required": false
          },
          {
            "name": "CustomerBillingEndorsementText",
            "type": "string",
            "description": "",
            "in": "query",
            "required": false
          },
          {
            "name": "username",
            "type": "string",
            "description": "DnB username",
            "in": "header",
            "required": true
          },
          {
            "name": "password",
            "type": "string",
            "description": "DnB password",
            "in": "header",
            "required": true
          }
        ],
        "responses": {
          "200": {
            "description": "Success"
          },
          "400": {
            "description": "Bad Request"
          },
          "403": {
            "description": "Forbidden"
          }
        }
      }
    },
    "/company/refresh/companyList": {
      "get": {
        "operationId": "CompanyRefreshListCompanyMethods",
        "summary": "This call returns a list of the companies that hav...",
        "description": "This call returns a list of the companies that have been updated in the last 90 days.",
        "tags": [
          "Company Methods"
        ],
        "parameters": [
          {
            "name": "unique_id",
            "type": "string",
            "description": "D-U-N-S number or companyId NOTE: This parameter can be repeated",
            "in": "query",
            "required": true
          },
          {
            "name": "username",
            "type": "string",
            "description": "DnB username",
            "in": "header",
            "required": true
          },
          {
            "name": "password",
            "type": "string",
            "description": "DnB password",
            "in": "header",
            "required": true
          }
        ],
        "responses": {
          "200": {
            "description": "Success"
          },
          "400": {
            "description": "Bad Request"
          },
          "403": {
            "description": "Forbidden"
          }
        }
      }
    },
    "/company/refresh/date/{refreshedSinceDate}": {
      "get": {
        "operationId": "CompanyRefreshSinceListCompanyMethods",
        "summary": "Returns a list of companies that have been updated...",
        "description": "Returns a list of companies that have been updated as of the specified date. After the initial call, use the pageNumber parameter to request the next set of companies until zero results are returned. The specified date may be any time within the last two weeks.",
        "tags": [
          "Company Methods"
        ],
        "parameters": [
          {
            "name": "refreshedSinceDate",
            "type": "string",
            "description": "YYYY-MM-DD",
            "in": "path",
            "required": true
          },
          {
            "name": "page_number",
            "type": "number",
            "description": "",
            "in": "query",
            "required": true,
            "default": 1
          },
          {
            "name": "username",
            "type": "string",
            "description": "DnB username",
            "in": "header",
            "required": true
          },
          {
            "name": "password",
            "type": "string",
            "description": "DnB password",
            "in": "header",
            "required": true
          }
        ],
        "responses": {
          "200": {
            "description": "Success"
          },
          "400": {
            "description": "Bad Request"
          },
          "403": {
            "description": "Forbidden"
          }
        }
      }
    },
    "/search/company/{name}": {
      "get": {
        "operationId": "CompanyFindByKeywordCompanyMethods",
        "summary": "Returns limited search results of companies based ...",
        "description": "Returns limited search results of companies based on keyword. If you are implementing an autocomplete feature, we suggest using this call as it will be the quickest due to limited backend processing and a smaller payload on the response.",
        "tags": [
          "Company Methods"
        ],
        "parameters": [
          {
            "name": "name",
            "type": "string",
            "description": "",
            "in": "path",
            "required": true
          },
          {
            "name": "postBodyContentType",
            "type": "string",
            "description": "",
            "in": "query",
            "required": false,
            "enum": [
              "application/json"
            ]
          },
          {
            "name": "username",
            "type": "string",
            "description": "DnB username",
            "in": "header",
            "required": true
          },
          {
            "name": "password",
            "type": "string",
            "description": "DnB password",
            "in": "header",
            "required": true
          }
        ],
        "responses": {
          "200": {
            "description": "Success"
          },
          "400": {
            "description": "Bad Request"
          },
          "403": {
            "description": "Forbidden"
          }
        }
      }
    },
    "/search/company/advanced": {
      "post": {
        "operationId": "CompanyAdvancedSearchCompanyMethods",
        "summary": "Returns search result of companies based on varyin...",
        "description": "Returns search result of companies based on varying different criteria.",
        "tags": [
          "Company Methods"
        ],
        "parameters": [
          {
            "name": "hit_offset",
            "type": "integer",
            "description": "Result offset number (0 returns first)",
            "in": "query",
            "required": false,
            "default": 0
          },
          {
            "name": "max_records",
            "type": "integer",
            "description": "Maximum records to return",
            "in": "query",
            "required": false,
            "default": 20
          },
          {
            "name": "sort_direction",
            "type": "string",
            "description": "",
            "in": "query",
            "required": false,
            "enum": [
              "ascending",
              "descending"
            ]
          },
          {
            "name": "order_by",
            "type": "string",
            "description": "Field to order results by",
            "in": "query",
            "required": false,
            "default": "company_name"
          },
          {
            "name": "body",
            "type": "body",
            "description": "JSON object containing input parameters",
            "in": "query",
            "required": false
          },
          {
            "name": "username",
            "type": "string",
            "description": "DnB username",
            "in": "header",
            "required": true
          },
          {
            "name": "password",
            "type": "string",
            "description": "DnB password",
            "in": "header",
            "required": true
          },
          {
            "name": "Content-Type",
            "type": "string",
            "description": "",
            "in": "header",
            "required": false,
            "default": "application/json"
          },
          {
            "name": "Accept-Encoding",
            "type": "string",
            "description": "",
            "in": "header",
            "required": false,
            "default": "gzip,deflate,sdch"
          },
          {
            "name": "Accept-Language",
            "type": "string",
            "description": "",
            "in": "header",
            "required": false,
            "default": "en-US,en;q=0.8"
          }
        ],
        "responses": {
          "200": {
            "description": "Success"
          },
          "400": {
            "description": "Bad Request"
          },
          "403": {
            "description": "Forbidden"
          }
        }
      }
    },
    "/search/company/advanced/optional": {
      "post": {
        "operationId": "CompanyAdvancedSearchOptionalCompanyMethods",
        "summary": "Returns search result of companies based on variou...",
        "description": "Returns search result of companies based on various criteria.",
        "tags": [
          "Company Methods"
        ],
        "parameters": [
          {
            "name": "hit_offset",
            "type": "number",
            "description": "",
            "in": "query",
            "required": false
          },
          {
            "name": "max_records",
            "type": "number",
            "description": "",
            "in": "query",
            "required": false
          },
          {
            "name": "sort_direction",
            "type": "string",
            "description": "(ascending\n            descending)",
            "in": "query",
            "required": false,
            "enum": [
              "ascending",
              "descending"
            ]
          },
          {
            "name": "order_by",
            "type": "string",
            "description": "(CompanyName\n            CompanyType\n            CountryName\n            CityName\n            StateName\n            PhoneNumber\n            FaxNumber\n            SalesGrowth12Mon\n            TotalAssets\n            SalesUS\n            EmployeesTotal\n            EmployeesHere\n            FiscalYearEndMonth\n            MarketCap\n            NetIncomeGrowth12Mon\n            EmployeeGrowth12Mon\n            ROE\n            ROA\n            EarningsComparison\n            BookValueComparison\n            NetIncome\n            PersonFirstName\n            PersonLastName\n            PersonTitle)",
            "in": "query",
            "required": false,
            "enum": [
              "CompanyName",
              "CompanyType",
              "CountryName",
              "CityName",
              "StateName",
              "PhoneNumber",
              "FaxNumber",
              "SalesGrowth12Mon",
              "TotalAssets",
              "SalesUS",
              "EmployeesTotal",
              "EmployeesHere",
              "FiscalYearEndMonth",
              "MarketCap",
              "NetIncomeGrowth12Mon",
              "EmployeeGrowth12Mon",
              "ROE",
              "ROA",
              "EarningsComparison",
              "BookValueComparison",
              "NetIncome",
              "PersonFirstName",
              "PersonLastName",
              "PersonTitle"
            ]
          },
          {
            "name": "return_search_navigation",
            "type": "boolean",
            "description": "(true\n            false)",
            "in": "query",
            "required": false
          },
          {
            "name": "body",
            "type": "string",
            "description": "search criteria object",
            "in": "query",
            "required": false
          },
          {
            "name": "username",
            "type": "string",
            "description": "DnB username",
            "in": "header",
            "required": true
          },
          {
            "name": "password",
            "type": "string",
            "description": "DnB password",
            "in": "header",
            "required": true
          },
          {
            "name": "Content-Type",
            "type": "string",
            "description": "",
            "in": "header",
            "required": false,
            "default": "application/json"
          },
          {
            "name": "Accept-Encoding",
            "type": "string",
            "description": "",
            "in": "header",
            "required": false,
            "default": "gzip,deflate,sdch"
          },
          {
            "name": "Accept-Language",
            "type": "string",
            "description": "",
            "in": "header",
            "required": false,
            "default": "en-US,en;q=0.8"
          }
        ],
        "responses": {
          "200": {
            "description": "Success"
          },
          "400": {
            "description": "Bad Request"
          },
          "403": {
            "description": "Forbidden"
          }
        }
      }
    },
    "/search/company/basic/{keyword}": {
      "get": {
        "operationId": "CompanyBasicSearchByKeywordCompanyMethods",
        "summary": "",
        "tags": [
          "Company Methods"
        ],
        "parameters": [
          {
            "name": "keyword",
            "type": "string",
            "description": "",
            "in": "path",
            "required": true,
            "default": "hoovers"
          },
          {
            "name": "limit",
            "type": "string",
            "description": "",
            "in": "query",
            "required": false
          },
          {
            "name": "username",
            "type": "string",
            "description": "DnB username",
            "in": "header",
            "required": true
          },
          {
            "name": "password",
            "type": "string",
            "description": "DnB password",
            "in": "header",
            "required": true
          }
        ],
        "responses": {
          "200": {
            "description": "Success"
          },
          "400": {
            "description": "Bad Request"
          },
          "403": {
            "description": "Forbidden"
          }
        }
      }
    },
    "/person/{uniqueId}/{coOfficial}": {
      "get": {
        "operationId": "PersonGetDetailPersonMethods",
        "summary": "Returns all the person details for a given Company...",
        "description": "Returns all the person details for a given Company ID or DUNS and co-Official Id.",
        "tags": [
          "Person Methods"
        ],
        "parameters": [
          {
            "name": "uniqueId",
            "type": "string",
            "description": "D&B Company ID",
            "in": "path",
            "required": true
          },
          {
            "name": "coOfficial",
            "type": "string",
            "description": "Company official (person) id",
            "in": "path",
            "required": true
          },
          {
            "name": "view",
            "type": "string",
            "description": "Company Data View: simple, basic or full",
            "in": "query",
            "required": false,
            "enum": [
              "simple",
              "basic",
              "full"
            ]
          },
          {
            "name": "connect_mail",
            "type": "boolean",
            "description": "",
            "in": "query",
            "required": false,
            "enum": [
              "1",
              "0"
            ]
          },
          {
            "name": "convert_currency_to",
            "type": "string",
            "description": "",
            "in": "query",
            "required": false,
            "default": "usd"
          },
          {
            "name": "postBodyContentType",
            "type": "string",
            "description": "",
            "in": "query",
            "required": false,
            "enum": [
              "application/json"
            ]
          },
          {
            "name": "username",
            "type": "string",
            "description": "DnB username",
            "in": "header",
            "required": true
          },
          {
            "name": "password",
            "type": "string",
            "description": "DnB password",
            "in": "header",
            "required": true
          }
        ],
        "responses": {
          "200": {
            "description": "Success"
          },
          "400": {
            "description": "Bad Request"
          },
          "403": {
            "description": "Forbidden"
          }
        }
      }
    },
    "/search/person/{keyword}": {
      "get": {
        "operationId": "PersonSearchByKeywordPersonMethods",
        "summary": "Returns search result of people based on keyword. ...",
        "description": "Returns search result of people based on keyword. The keyword may be a person's name or part of a name.",
        "tags": [
          "Person Methods"
        ],
        "parameters": [
          {
            "name": "keyword",
            "type": "string",
            "description": "",
            "in": "query",
            "required": true
          },
          {
            "name": "duns_from",
            "type": "number",
            "description": "",
            "in": "query",
            "required": false
          },
          {
            "name": "duns_to",
            "type": "number",
            "description": "",
            "in": "query",
            "required": false
          },
          {
            "name": "hit_offset",
            "type": "number",
            "description": "",
            "in": "query",
            "required": false
          },
          {
            "name": "max_records",
            "type": "number",
            "description": "",
            "in": "query",
            "required": false
          },
          {
            "name": "sort_direction",
            "type": "string",
            "description": "(ascending\n            descending)",
            "in": "query",
            "required": false,
            "enum": [
              "ascending",
              "descending"
            ]
          },
          {
            "name": "order_by",
            "type": "string",
            "description": "(CompanyName\n            CompanyType\n            CountryName\n            CityName\n            StateName\n            PhoneNumber\n            FaxNumber\n            SalesGrowth12Mon\n            TotalAssets\n            SalesUS\n            EmployeesTotal\n            EmployeesHere\n            FiscalYearEndMonth\n            MarketCap\n            NetIncomeGrowth12Mon\n            EmployeeGrowth12Mon\n            ROE\n            ROA\n            EarningsComparison\n            BookValueComparison\n            NetIncome\n            PersonFirstName\n            PersonLastName\n            PersonTitle)",
            "in": "query",
            "required": false,
            "enum": [
              "CompanyName",
              "CompanyType",
              "CountryName",
              "CityName",
              "StateName",
              "PhoneNumber",
              "FaxNumber",
              "SalesGrowth12Mon",
              "TotalAssets",
              "SalesUS",
              "EmployeesTotal",
              "EmployeesHere",
              "FiscalYearEndMonth",
              "MarketCap",
              "NetIncomeGrowth12Mon",
              "EmployeeGrowth12Mon",
              "ROE",
              "ROA",
              "EarningsComparison",
              "BookValueComparison",
              "NetIncome",
              "PersonFirstName",
              "PersonLastName",
              "PersonTitle"
            ]
          },
          {
            "name": "return_search_navigation",
            "type": "boolean",
            "description": "(true\n            false)",
            "in": "query",
            "required": false
          },
          {
            "name": "username",
            "type": "string",
            "description": "DnB username",
            "in": "header",
            "required": true
          },
          {
            "name": "password",
            "type": "string",
            "description": "DnB password",
            "in": "header",
            "required": true
          },
          {
            "name": "keyword",
            "type": "string",
            "in": "path",
            "required": true
          }
        ],
        "responses": {
          "200": {
            "description": "Success"
          },
          "400": {
            "description": "Bad Request"
          },
          "403": {
            "description": "Forbidden"
          }
        }
      }
    },
    "/search/person/advanced": {
      "post": {
        "operationId": "PersonAdvancedSearchPersonMethods",
        "summary": "Returns search result of people based on varying d...",
        "description": "Returns search result of people based on varying different criteria.",
        "tags": [
          "Person Methods"
        ],
        "parameters": [
          {
            "name": "hit_offset",
            "type": "integer",
            "description": "Result offset number (0 returns first)",
            "in": "query",
            "required": false,
            "default": 0
          },
          {
            "name": "max_records",
            "type": "integer",
            "description": "Maximum records to return",
            "in": "query",
            "required": false,
            "default": 20
          },
          {
            "name": "sort_direction",
            "type": "string",
            "description": "Result sort order",
            "in": "query",
            "required": false,
            "enum": [
              "ascending",
              "descending"
            ]
          },
          {
            "name": "order_by",
            "type": "string",
            "description": "Field to order results by",
            "in": "query",
            "required": false,
            "default": "company_name"
          },
          {
            "name": "body",
            "type": "string",
            "description": "JSON object containing input parameters",
            "in": "query",
            "required": false
          },
          {
            "name": "Content-Type",
            "type": "string",
            "description": "",
            "in": "header",
            "required": false,
            "enum": [
              "application/json"
            ]
          },
          {
            "name": "username",
            "type": "string",
            "description": "DnB username",
            "in": "header",
            "required": true
          },
          {
            "name": "password",
            "type": "string",
            "description": "DnB password",
            "in": "header",
            "required": true
          }
        ],
        "responses": {
          "200": {
            "description": "Success"
          },
          "400": {
            "description": "Bad Request"
          },
          "403": {
            "description": "Forbidden"
          }
        }
      }
    },
    "/industry/{dnbIndustryCode}": {
      "get": {
        "operationId": "IndustryGetInfoIndustryMethods",
        "summary": "Returns DnB's and First Research industry informat...",
        "description": "Returns DnB's and First Research industry information.",
        "tags": [
          "Industry Methods"
        ],
        "parameters": [
          {
            "name": "dnbIndustryCode",
            "type": "string",
            "description": "",
            "in": "path",
            "required": true
          },
          {
            "name": "chapter_name",
            "type": "string",
            "description": "(All\n            IndustryOverview\n            QuarterlyIndustryUpdate\n            BusinessChallenges\n            TrendsAndOpportunities\n            ExecutiveInsight\n            CallPreparationQuestions\n            FinancialInformation\n            IndustryForecast\n            IndustryWebsites\n            GlossaryOfAcronyms\n            IndustryIndicators)",
            "in": "query",
            "required": false,
            "enum": [
              "All",
              "IndustryOverview",
              "QuarterlyIndustryUpdate",
              "BusinessChallenges",
              "TrendsAndOpportunities",
              "ExecutiveInsight",
              "CallPreparationQuestions",
              "FinancialInformation",
              "IndustryForecast",
              "IndustryWebsites",
              "GlossaryOfAcronyms",
              "IndustryIndicators"
            ]
          },
          {
            "name": "username",
            "type": "string",
            "description": "DnB username",
            "in": "header",
            "required": true
          },
          {
            "name": "password",
            "type": "string",
            "description": "DnB password",
            "in": "header",
            "required": true
          }
        ],
        "responses": {
          "200": {
            "description": "Success"
          },
          "400": {
            "description": "Bad Request"
          },
          "403": {
            "description": "Forbidden"
          }
        }
      }
    },
    "/industry/{dnbIndustryCode}/call_prep": {
      "get": {
        "operationId": "IndustryGetPrepIndustryMethods",
        "summary": "Returns useful First Research industry information...",
        "description": "Returns useful First Research industry information to assist in preparation for calling a client in a certain industry.",
        "tags": [
          "Industry Methods"
        ],
        "parameters": [
          {
            "name": "dnbIndustryCode",
            "type": "string",
            "description": "",
            "in": "path",
            "required": true
          },
          {
            "name": "username",
            "type": "string",
            "description": "DnB username",
            "in": "header",
            "required": true
          },
          {
            "name": "password",
            "type": "string",
            "description": "DnB password",
            "in": "header",
            "required": true
          }
        ],
        "responses": {
          "200": {
            "description": "Success"
          },
          "400": {
            "description": "Bad Request"
          },
          "403": {
            "description": "Forbidden"
          }
        }
      }
    },
    "/industry/{dnbIndustryCode}/dnb": {
      "get": {
        "operationId": "IndustryGetDnBInfoIndustryMethods",
        "summary": "Returns First Research industry information.",
        "tags": [
          "Industry Methods"
        ],
        "parameters": [
          {
            "name": "dnbIndustryCode",
            "type": "string",
            "description": "",
            "in": "path",
            "required": true
          },
          {
            "name": "username",
            "type": "string",
            "description": "DnB username",
            "in": "header",
            "required": true
          },
          {
            "name": "password",
            "type": "string",
            "description": "DnB password",
            "in": "header",
            "required": true
          }
        ],
        "responses": {
          "200": {
            "description": "Success"
          },
          "400": {
            "description": "Bad Request"
          },
          "403": {
            "description": "Forbidden"
          }
        }
      }
    },
    "/search/industry/{keyword}": {
      "get": {
        "operationId": "IndustrySearchKeywordIndustryMethods",
        "summary": "Returns industries that match the specified keywor...",
        "description": "Returns industries that match the specified keyword.",
        "tags": [
          "Industry Methods"
        ],
        "parameters": [
          {
            "name": "keyword",
            "type": "string",
            "description": "",
            "in": "path",
            "required": true
          },
          {
            "name": "sort_direction",
            "type": "string",
            "description": "(ascending\n            descending)",
            "in": "query",
            "required": false,
            "enum": [
              "ascending",
              "descending"
            ]
          },
          {
            "name": "order_by",
            "type": "string",
            "description": "(CompanyName\n            CompanyType\n            CountryName\n            CityName\n            StateName\n            PhoneNumber\n            FaxNumber\n            SalesGrowth12Mon\n            TotalAssets\n            SalesUS\n            EmployeesTotal\n            EmployeesHere\n            FiscalYearEndMonth\n            MarketCap\n            NetIncomeGrowth12Mon\n            EmployeeGrowth12Mon\n            ROE\n            ROA\n            EarningsComparison\n            BookValueComparison\n            NetIncome\n            PersonFirstName\n            PersonLastName\n            PersonTitle)",
            "in": "query",
            "required": false,
            "enum": [
              "CompanyName",
              "CompanyType",
              "CountryName",
              "CityName",
              "StateName",
              "PhoneNumber",
              "FaxNumber",
              "SalesGrowth12Mon",
              "TotalAssets",
              "SalesUS",
              "EmployeesTotal",
              "EmployeesHere",
              "FiscalYearEndMonth",
              "MarketCap",
              "NetIncomeGrowth12Mon",
              "EmployeeGrowth12Mon",
              "ROE",
              "ROA",
              "EarningsComparison",
              "BookValueComparison",
              "NetIncome",
              "PersonFirstName",
              "PersonLastName",
              "PersonTitle"
            ]
          },
          {
            "name": "premium_industry_only",
            "type": "boolean",
            "description": "",
            "in": "query",
            "required": false
          },
          {
            "name": "username",
            "type": "string",
            "description": "DnB username",
            "in": "header",
            "required": true
          },
          {
            "name": "password",
            "type": "string",
            "description": "DnB password",
            "in": "header",
            "required": true
          }
        ],
        "responses": {
          "200": {
            "description": "Success"
          },
          "400": {
            "description": "Bad Request"
          },
          "403": {
            "description": "Forbidden"
          }
        }
      }
    },
    "/search/industry/advanced": {
      "post": {
        "operationId": "IndustrySearchAdvancedIndustryMethods",
        "summary": "Returns industries that match the specified input ...",
        "description": "Returns industries that match the specified input criteria.",
        "tags": [
          "Industry Methods"
        ],
        "parameters": [
          {
            "name": "sort_direction",
            "type": "string",
            "description": "(ascending\n            descending)",
            "in": "query",
            "required": false,
            "enum": [
              "ascending",
              "descending"
            ]
          },
          {
            "name": "order_by",
            "type": "string",
            "description": "(CompanyName\n            CompanyType\n            CountryName\n            CityName\n            StateName\n            PhoneNumber\n            FaxNumber\n            SalesGrowth12Mon\n            TotalAssets\n            SalesUS\n            EmployeesTotal\n            EmployeesHere\n            FiscalYearEndMonth\n            MarketCap\n            NetIncomeGrowth12Mon\n            EmployeeGrowth12Mon\n            ROE\n            ROA\n            EarningsComparison\n            BookValueComparison\n            NetIncome\n            PersonFirstName\n            PersonLastName\n            PersonTitle)",
            "in": "query",
            "required": false,
            "enum": [
              "CompanyName",
              "CompanyType",
              "CountryName",
              "CityName",
              "StateName",
              "PhoneNumber",
              "FaxNumber",
              "SalesGrowth12Mon",
              "TotalAssets",
              "SalesUS",
              "EmployeesTotal",
              "EmployeesHere",
              "FiscalYearEndMonth",
              "MarketCap",
              "NetIncomeGrowth12Mon",
              "EmployeeGrowth12Mon",
              "ROE",
              "ROA",
              "EarningsComparison",
              "BookValueComparison",
              "NetIncome",
              "PersonFirstName",
              "PersonLastName",
              "PersonTitle"
            ]
          },
          {
            "name": "body",
            "type": "string",
            "description": "nAICS, uSSIC or uKSIC arrays",
            "in": "query",
            "required": false,
            "default": "{}"
          },
          {
            "name": "username",
            "type": "string",
            "description": "DnB username",
            "in": "header",
            "required": true
          },
          {
            "name": "password",
            "type": "string",
            "description": "DnB password",
            "in": "header",
            "required": true
          },
          {
            "name": "Content-Type",
            "type": "string",
            "description": "",
            "in": "header",
            "required": false,
            "default": "application/json"
          },
          {
            "name": "Accept-Encoding",
            "type": "string",
            "description": "",
            "in": "header",
            "required": false,
            "default": "gzip,deflate,sdch"
          },
          {
            "name": "Accept-Language",
            "type": "string",
            "description": "",
            "in": "header",
            "required": false,
            "default": "en-US,en;q=0.8"
          }
        ],
        "responses": {
          "200": {
            "description": "Success"
          },
          "400": {
            "description": "Bad Request"
          },
          "403": {
            "description": "Forbidden"
          }
        }
      }
    },
    "/search/industry/province/{provinceId}": {
      "get": {
        "operationId": "IndustryProvinceIndustryMethods",
        "summary": "",
        "tags": [
          "Industry Methods"
        ],
        "parameters": [
          {
            "name": "provinceId",
            "type": "string",
            "description": "",
            "in": "path",
            "required": true,
            "default": "al"
          },
          {
            "name": "username",
            "type": "string",
            "description": "DnB username",
            "in": "header",
            "required": true
          },
          {
            "name": "password",
            "type": "string",
            "description": "DnB password",
            "in": "header",
            "required": true
          }
        ],
        "responses": {
          "200": {
            "description": "Success"
          },
          "400": {
            "description": "Bad Request"
          },
          "403": {
            "description": "Forbidden"
          }
        }
      }
    },
    "/search/industry/state/{stateId}": {
      "get": {
        "operationId": "IndustryStateIndustryMethods",
        "summary": "",
        "tags": [
          "Industry Methods"
        ],
        "parameters": [
          {
            "name": "stateId",
            "type": "string",
            "description": "",
            "in": "path",
            "required": true,
            "default": "tx"
          },
          {
            "name": "username",
            "type": "string",
            "description": "DnB username",
            "in": "header",
            "required": true
          },
          {
            "name": "password",
            "type": "string",
            "description": "DnB password",
            "in": "header",
            "required": true
          }
        ],
        "responses": {
          "200": {
            "description": "Success"
          },
          "400": {
            "description": "Bad Request"
          },
          "403": {
            "description": "Forbidden"
          }
        }
      }
    }
  },
  "definitions": {}
}